{"name": "test_AccesoNominas", "status": "failed", "statusDetails": {"message": "AssertionError: Mensaje Erroneo", "trace": "driver_setup = <selenium.webdriver.chrome.webdriver.WebDriver (session=\"fa229a1dac23a60bb55f4c8f744fd56b\")>\n\n    @allure.feature('Nominas Test')\n    def test_AccesoNominas(driver_setup):\n        driver = driver_setup\n    \n        Ordenamientos = {\n            \"Estudiante_1\": {\n                \"Orden\": \"1\",\n                \"Primer_Apellido\": \"Diaz\",\n                \"Segundo_Apellido\": \"Mendoza\",\n                \"Nombre\": \"Sofia\",\n                \"ID\": \"2181782-1\"\n            },\n            \"Estudiante_2\": {\n                \"Orden\": \"3\",\n                \"Primer_Apellido\": \"Gonadasdzalez\",\n                \"Segundo_Apellido\": \"Lopez\",\n                \"Nombre\": \"Maria\",\n                \"ID\": \"2987505-7\"\n            },\n            \"Estudiante_3\": {\n                \"Orden\": \"5\",\n                \"Primer_Apellido\": \"Martinez\",\n                \"Segundo_Apellido\": \"Sanchez\",\n                \"Nombre\": \"Juan\",\n                \"ID\": \"8571154-7\"\n            }\n        }\n    \n        try:\n            funcion = global_functions(driver)\n            funcionNominas = nominas_functions(driver)\n    \n            funcion.inicioSesion()\n            funcionNominas.AccesoNominas()\n>           funcionNominas.Ordenamientossasasd()\n\ntest_2_Ordenamientos.py:151: \n_ _ _ _ _ _ _ _ _ _ _ _ _ _ _ _ _ _ _ _ _ _ _ _ _ _ _ _ _ _ _ _ _ _ _ _ _ _ _ _ _ _ _ _ _ _ _ _ _ _ _ _ _ _ _ _ _ _ _ _ _ _ _ _ _ _ _ _ _ _ _ _ _ _ _ _ _ _ _ _ _ _ _ _ _ _ _ \n\nself = <Funciones_Nominas.Funciones_Nominas.nominas_functions object at 0x0000022A0CEF9010>\n\n    def Ordenamientossasasd(self):\n    \n        criterios = [\n            Campos.AZPrimerApellido,\n            Campos.AZNombre,\n            Campos.AZVaronesMujeres,\n            Campos.AZMjeresVarones\n        ]\n    \n        ordenamientos = [\n            Campos.NumeroDeLista,\n            Campos.AZOPrimerApellido,\n            Campos.AZONombre,\n            Campos.AZOVaronesMujeres,\n            Campos.AZOMujeresVarones\n        ]\n    \n        for criterio in criterios:\n            print(f\"■■■■■-Inicio Ordenamiento con criterio {criterio}-■■■■■\")\n            time.sleep(2)\n    \n            # Desplegar criterio de ordenamiento\n            self.driver.find_element(By.XPATH, Campos.BotonDespliegueCriterio).click()\n            self.driver.implicitly_wait(20)\n    \n            # Seleccionar criterio de ordenamiento\n            self.driver.find_element(By.XPATH, criterio).click()\n            self.driver.implicitly_wait(20)\n    \n            # Continuar con el criterio seleccionado\n            self.driver.find_element(By.XPATH, Campos.botonContinuar).click()\n            self.driver.implicitly_wait(20)\n            time.sleep(2)\n    \n            # Verificar mensaje de éxito\n            assert Campos.MensajeExito in self.driver.find_element(By.XPATH, Campos.LabelAceptar).text, \"Mensaje Erroneo\"\n    \n            for ordenamiento in ordenamientos:\n                print(f\"■■■■■-Aplicando ordenamiento {ordenamiento}-■■■■■\")\n                # Continuar con el criterio seleccionado\n                self.driver.find_element(By.XPATH, Campos.BotonDespliegueOrdenamiento).click()\n                self.driver.implicitly_wait(20)\n    \n                # Aplicar el ordenamiento\n                self.driver.find_element(By.XPATH, ordenamiento).click()\n                self.driver.implicitly_wait(20)\n    \n                # Continuar con el criterio seleccionado\n                self.driver.find_element(By.XPATH, Campos.botonContinuar).click()\n                self.driver.implicitly_wait(20)\n                time.sleep(2)\n    \n                # Verificar mensaje de éxito\n>               assert Campos.MensajeExito in self.driver.find_element(By.XPATH, Campos.LabelAceptar).text, \"Mensaje Erroneo\"\nE               AssertionError: Mensaje Erroneo\n\n..\\Funciones_Nominas\\Funciones_Nominas.py:176: AssertionError"}, "attachments": [{"name": "screenshot_error", "source": "751a5f80-538b-420b-a83e-44cb229ab7f5-attachment.png", "type": "image/png"}, {"name": "stdout", "source": "24d4df00-f4f7-44ef-b1d9-e0acb920a817-attachment.txt", "type": "text/plain"}], "start": 1741724250342, "stop": 1741724265461, "uuid": "3b705226-a442-43bc-9cf7-1537b2d6fba9", "historyId": "d748beaf6fad1e111f7d9a77bacf0bc1", "testCaseId": "d748beaf6fad1e111f7d9a77bacf0bc1", "fullName": "test_2_Ordenamientos#test_AccesoNominas", "labels": [{"name": "feature", "value": "Nominas Test"}, {"name": "suite", "value": "test_2_Ordenamientos"}, {"name": "host", "value": "Steven"}, {"name": "thread", "value": "23856-MainThread"}, {"name": "framework", "value": "pytest"}, {"name": "language", "value": "cpython3"}, {"name": "package", "value": "test_2_Ordenamientos"}]}